<?xml version="1.0" encoding="UTF-8"?>
<!-- Generated by org.testng.reporters.JUnitXMLReporter -->
<testsuite ignored="0" hostname="IT" failures="0" tests="3" name="Default test" time="83.834" errors="0" timestamp="2025-09-08T15:35:48 IST">
  <testcase classname="SeleniumProject.selenium_login_automation.LoginTest" name="testEmptyFields" time="0.983"/>
  <testcase classname="SeleniumProject.selenium_login_automation.LoginTest" name="testInvalidLogin" time="20.239"/>
  <testcase classname="SeleniumProject.selenium_login_automation.LoginTest" name="testValidLogin" time="1.231"/>
</testsuite> <!-- Default test -->
