<?xml version="1.0" encoding="UTF-8"?>
<testng-results ignored="0" total="3" passed="3" failed="0" skipped="0">
  <reporter-output>
  </reporter-output>
  <suite started-at="2025-09-08T15:34:24 IST" name="Default suite" finished-at="2025-09-08T15:35:48 IST" duration-ms="83834">
    <groups>
    </groups>
    <test started-at="2025-09-08T15:34:24 IST" name="Default test" finished-at="2025-09-08T15:35:48 IST" duration-ms="83834">
      <class name="SeleniumProject.selenium_login_automation.LoginTest">
        <test-method is-config="true" signature="setUp()[pri:0, instance:SeleniumProject.selenium_login_automation.LoginTest@2a3b5b47]" started-at="2025-09-08T15:34:24 IST" name="setUp" finished-at="2025-09-08T15:34:44 IST" duration-ms="20178" status="PASS">
          <reporter-output>
          </reporter-output>
        </test-method> <!-- setUp -->
        <test-method signature="testEmptyFields()[pri:0, instance:SeleniumProject.selenium_login_automation.LoginTest@2a3b5b47]" started-at="2025-09-08T15:34:44 IST" name="testEmptyFields" finished-at="2025-09-08T15:34:45 IST" duration-ms="983" status="PASS">
          <reporter-output>
          </reporter-output>
        </test-method> <!-- testEmptyFields -->
        <test-method is-config="true" signature="tearDown()[pri:0, instance:SeleniumProject.selenium_login_automation.LoginTest@2a3b5b47]" started-at="2025-09-08T15:34:45 IST" name="tearDown" finished-at="2025-09-08T15:34:46 IST" duration-ms="247" status="PASS">
          <reporter-output>
          </reporter-output>
        </test-method> <!-- tearDown -->
        <test-method is-config="true" signature="setUp()[pri:0, instance:SeleniumProject.selenium_login_automation.LoginTest@2a3b5b47]" started-at="2025-09-08T15:34:46 IST" name="setUp" finished-at="2025-09-08T15:34:49 IST" duration-ms="2923" status="PASS">
          <reporter-output>
          </reporter-output>
        </test-method> <!-- setUp -->
        <test-method signature="testInvalidLogin()[pri:0, instance:SeleniumProject.selenium_login_automation.LoginTest@2a3b5b47]" started-at="2025-09-08T15:34:49 IST" name="testInvalidLogin" finished-at="2025-09-08T15:35:09 IST" duration-ms="20239" status="PASS">
          <reporter-output>
          </reporter-output>
        </test-method> <!-- testInvalidLogin -->
        <test-method is-config="true" signature="tearDown()[pri:0, instance:SeleniumProject.selenium_login_automation.LoginTest@2a3b5b47]" started-at="2025-09-08T15:35:09 IST" name="tearDown" finished-at="2025-09-08T15:35:09 IST" duration-ms="233" status="PASS">
          <reporter-output>
          </reporter-output>
        </test-method> <!-- tearDown -->
        <test-method is-config="true" signature="setUp()[pri:0, instance:SeleniumProject.selenium_login_automation.LoginTest@2a3b5b47]" started-at="2025-09-08T15:35:09 IST" name="setUp" finished-at="2025-09-08T15:35:47 IST" duration-ms="37546" status="PASS">
          <reporter-output>
          </reporter-output>
        </test-method> <!-- setUp -->
        <test-method signature="testValidLogin()[pri:0, instance:SeleniumProject.selenium_login_automation.LoginTest@2a3b5b47]" started-at="2025-09-08T15:35:47 IST" name="testValidLogin" finished-at="2025-09-08T15:35:48 IST" duration-ms="1231" status="PASS">
          <reporter-output>
          </reporter-output>
        </test-method> <!-- testValidLogin -->
        <test-method is-config="true" signature="tearDown()[pri:0, instance:SeleniumProject.selenium_login_automation.LoginTest@2a3b5b47]" started-at="2025-09-08T15:35:48 IST" name="tearDown" finished-at="2025-09-08T15:35:48 IST" duration-ms="208" status="PASS">
          <reporter-output>
          </reporter-output>
        </test-method> <!-- tearDown -->
      </class> <!-- SeleniumProject.selenium_login_automation.LoginTest -->
    </test> <!-- Default test -->
  </suite> <!-- Default suite -->
</testng-results>
